[2017-12-10 22:39:43]    ---------------------
[2017-12-10 22:39:43]    http://beacon.sina.com.cn/a.gif?noScript
[2017-12-10 22:39:43]    //n.sinaimg.cn/sports/index1508/logo.png
[2017-12-10 22:39:43]    //i.sso.sina.com.cn/images/login/thumb_default.png
[2017-12-10 22:39:43]    http://n.sinaimg.cn/sports/transform/w630h354/20171210/d8w5-fypnsip3553699.jpg
[2017-12-10 22:39:43]    http://n.sinaimg.cn/sports/transform/w630h354/20171210/5VRY-fypnsip5351954.jpg
[2017-12-10 22:39:43]    http://n.sinaimg.cn/sports/w630h354/20171209/VtK0-fypnsip2177222.jpg
[2017-12-10 22:39:43]    http://n.sinaimg.cn/sports/w630h354/20171209/_MZ3-fypnsip2425124.jpg
[2017-12-10 22:39:43]    http://n.sinaimg.cn/sports/w630h354/20171209/T2T9-fypnsip2117841.jpg
[2017-12-10 22:39:43]    http://n.sinaimg.cn/sports/w630h354/20171209/jTeQ-fypnsip2525266.jpg
[2017-12-10 22:39:43]    http://n.sinaimg.cn/sports/w630h354/20171209/Dy3Y-fypnsip2512588.jpg
[2017-12-10 22:39:43]    http://n.sinaimg.cn/sports/w630h354/20171209/IFBe-fypnsip1410955.jpg
[2017-12-10 22:39:43]    //n.sinaimg.cn/sports/splash/lazy2x.png
[2017-12-10 22:39:43]    //n.sinaimg.cn/sports/splash/lazy2x.png
[2017-12-10 22:39:43]    //n.sinaimg.cn/sports/splash/lazy2x.png
[2017-12-10 22:39:43]    //n.sinaimg.cn/sports/splash/lazy2x.png
[2017-12-10 22:39:43]    //n.sinaimg.cn/sports/splash/lazy2x.png
[2017-12-10 22:39:43]    //n.sinaimg.cn/sports/splash/lazy2x.png
[2017-12-10 22:39:43]    //d1.sina.com.cn/201507/22/1258867.jpg
[2017-12-10 22:39:43]    //n.sinaimg.cn/sports/splash/lazy2x.png
[2017-12-10 22:39:43]    //n.sinaimg.cn/sports/splash/lazy2x.png
[2017-12-10 22:39:43]    //n.sinaimg.cn/sports/splash/lazy2x.png
[2017-12-10 22:39:43]    //n.sinaimg.cn/sports/splash/lazy1x.png
[2017-12-10 22:39:43]    //n.sinaimg.cn/sports/splash/lazy1x.png
[2017-12-10 22:39:43]    //n.sinaimg.cn/sports/splash/lazy1x.png
[2017-12-10 22:39:43]    //n.sinaimg.cn/sports/splash/lazy1x.png
[2017-12-10 22:39:43]    //n.sinaimg.cn/sports/splash/lazy1x.png
[2017-12-10 22:39:43]    //n.sinaimg.cn/sports/splash/lazy1x.png
[2017-12-10 22:39:43]    http://n.sinaimg.cn/sports/transform/w320h136/20171208/yc0C-fypnsin9084301.jpg
[2017-12-10 22:39:43]    http://n.sinaimg.cn/sports/transform/w320h136/20171208/9BvW-fypnsin9091742.jpg
[2017-12-10 22:39:43]    http://n.sinaimg.cn/sports/transform/w320h136/20171208/d_kg-fypnsin9095717.jpg
[2017-12-10 22:39:43]    http://n.sinaimg.cn/sports/transform/w320h136/20171208/bpm1-fypnsin9104052.jpg
[2017-12-10 22:39:43]    //n.sinaimg.cn/sports/splash/lazy2x.png
[2017-12-10 22:39:43]    //n.sinaimg.cn/sports/splash/lazy2x.png
[2017-12-10 22:39:43]    //n.sinaimg.cn/sports/splash/lazy2x.png
[2017-12-10 22:39:43]    //d1.sina.com.cn/201507/22/1258867.jpg
[2017-12-10 22:39:43]    //n.sinaimg.cn/sports/splash/lazy1x.png
[2017-12-10 22:39:43]    //n.sinaimg.cn/sports/splash/lazy1x.png
[2017-12-10 22:39:43]    //n.sinaimg.cn/sports/splash/lazy1x.png
[2017-12-10 22:39:43]    //n.sinaimg.cn/sports/splash/lazy1x.png
[2017-12-10 22:39:43]    //n.sinaimg.cn/sports/splash/lazy1x.png
[2017-12-10 22:39:43]    //n.sinaimg.cn/sports/splash/lazy1x.png
[2017-12-10 22:39:43]    http://n.sinaimg.cn/sports/transform/20171127/B9ge-fypatmu9579261.jpg
[2017-12-10 22:39:43]    http://n.sinaimg.cn/sports/transform/20171127/7emK-fypatmu9578142.jpg
[2017-12-10 22:39:43]    http://n.sinaimg.cn/sports/transform/20171127/3JOH-fypathz6393255.jpg
[2017-12-10 22:39:43]    http://n.sinaimg.cn/sports/transform/20171127/tr31-fypathz6393666.jpg
[2017-12-10 22:39:43]    //n.sinaimg.cn/sports/splash/lazy2x.png
[2017-12-10 22:39:43]    //n.sinaimg.cn/sports/splash/lazy2x.png
[2017-12-10 22:39:43]    //n.sinaimg.cn/sports/20161227/1Wxi-fxyyfqs4475491.jpg
[2017-12-10 22:39:43]    //n.sinaimg.cn/sports/splash/lazy1x.png
[2017-12-10 22:39:43]    //n.sinaimg.cn/sports/splash/lazy1x.png
[2017-12-10 22:39:43]    //n.sinaimg.cn/sports/splash/lazy1x.png
[2017-12-10 22:39:43]    //n.sinaimg.cn/sports/splash/lazy1x.png
[2017-12-10 22:39:43]    //n.sinaimg.cn/sports/splash/lazy1x.png
[2017-12-10 22:39:43]    //n.sinaimg.cn/sports/splash/lazy1x.png
[2017-12-10 22:39:43]    //n.sinaimg.cn/sports/splash/lazy2x.png
[2017-12-10 22:39:43]    //n.sinaimg.cn/sports/splash/lazy2x.png
[2017-12-10 22:39:43]    //n.sinaimg.cn/sports/splash/lazy2x.png
[2017-12-10 22:39:43]    http://n.sinaimg.cn/sports/transform/w320h136/20171209/ZqO--fypnsip3066115.jpg
[2017-12-10 22:39:43]    http://n.sinaimg.cn/sports/transform/w320h136/20171209/wm9o-fypnsip2173666.jpg
[2017-12-10 22:39:43]    http://n.sinaimg.cn/sports/transform/w320h136/20171209/rlGR-fypnsip2174889.jpg
[2017-12-10 22:39:43]    http://n.sinaimg.cn/sports/transform/w320h136/20171209/UcT9-fypnsip2176835.jpg
[2017-12-10 22:39:43]    http://n.sinaimg.cn/sports/transform/w320h136/20171208/xr3m-fypnsin9238651.jpg
[2017-12-10 22:39:43]    http://n.sinaimg.cn/sports/transform/20171101/wocG-fynfvar5698958.jpg
[2017-12-10 22:39:43]    http://n.sinaimg.cn/sports/transform/20171101/FhkM-fynfvfi1852822.jpg
[2017-12-10 22:39:43]    http://n.sinaimg.cn/sports/transform/20171101/f1JN-fynfvfi1853650.jpg
[2017-12-10 22:39:43]    //n.sinaimg.cn/sports/splash/lazy1x.png
[2017-12-10 22:39:43]    //n.sinaimg.cn/sports/splash/lazy1x.png
[2017-12-10 22:39:43]    //n.sinaimg.cn/sports/splash/lazy1x.png
[2017-12-10 22:39:43]    http://n.sinaimg.cn/sports/transform/20171026/FSGb-fynhhay5511127.png
[2017-12-10 22:39:43]    http://n.sinaimg.cn/sports/transform/20170619/9CwO-fyhfxph3482974.jpg
[2017-12-10 22:39:43]    http://n.sinaimg.cn/sports/transform/20170619/KFrM-fyhfxph3480383.jpg
[2017-12-10 22:39:43]    http://n.sinaimg.cn/sports/transform/20170422/j48q-fyepsec0306201.jpg
[2017-12-10 22:39:43]    //n.sinaimg.cn/sports/splash/lazy1x.png
[2017-12-10 22:39:43]    http://n.sinaimg.cn/sports/transform/20171114/hAMT-fynstfh8055144.jpg
[2017-12-10 22:39:43]    http://n.sinaimg.cn/sports/transform/20171114/r7Uc-fynshiq8811759.jpg
[2017-12-10 22:39:43]    http://n.sinaimg.cn/sports/transform/20171114/RXxK-fynstfh8054129.jpg
[2017-12-10 22:39:43]    http://n.sinaimg.cn/sports/transform/20171118/h94O-fynwnwt7419344.png
[2017-12-10 22:39:43]    http://n.sinaimg.cn/sports/transform/20171114/L3Aa-fynstfh7918852.jpg
[2017-12-10 22:39:43]    http://n.sinaimg.cn/sports/transform/20170516/e_-_-fyfeutq0613057.jpg
[2017-12-10 22:39:43]    http://n.sinaimg.cn/sports/20170515/MJEp-fyfeutp9750898.jpg
[2017-12-10 22:39:43]    http://n.sinaimg.cn/sports/transform/20171128/l6dA-fypathz6970564.jpg
[2017-12-10 22:39:43]    http://n.sinaimg.cn/sports/transform/20171128/wcko-fypatmw6803403.jpg
[2017-12-10 22:39:43]    http://n.sinaimg.cn/sports/transform/20171128/IZhh-fypathz6972497.jpg
[2017-12-10 22:39:43]    http://n.sinaimg.cn/sports/transform/20171128/BVP0-fypathz6973660.jpg
[2017-12-10 22:39:43]    http://n.sinaimg.cn/sports/transform/w320h136/20171207/2fCV-fypnsin7216368.jpg
[2017-12-10 22:39:43]    http://n.sinaimg.cn/sports/transform/w320h136/20171208/lo6z-fypnsip0296119.jpg
[2017-12-10 22:39:43]    http://n.sinaimg.cn/sports/transform/w320h200/20171208/5A9p-fypnsip0302241.jpg
[2017-12-10 22:39:43]    http://n.sinaimg.cn/sports/transform/w320h136/20171205/OcrW-fypikwu0393683.jpg
[2017-12-10 22:39:43]    http://n.sinaimg.cn/sports/transform/w320h136/20171205/Eh_B-fypikwu0390797.jpg
[2017-12-10 22:39:43]    http://n.sinaimg.cn/sports/transform/w320h136/20171204/OlDT-fypikwt7686565.jpg
[2017-12-10 22:39:43]    http://n.sinaimg.cn/sports/transform/w320h136/20171130/wZa5-fypikws9212785.jpg
[2017-12-10 22:39:43]    http://n.sinaimg.cn/sports/transform/w320h136/20171201/5zUC-fypikwt1675909.png
[2017-12-10 22:39:43]    //n.sinaimg.cn/sports/splash/lazy2x.png
[2017-12-10 22:39:43]    //n.sinaimg.cn/sports/splash/lazy2x.png
[2017-12-10 22:39:43]    //n.sinaimg.cn/sports/splash/lazy2x.png
[2017-12-10 22:39:43]    //n.sinaimg.cn/sports/splash/lazy2x.png
[2017-12-10 22:39:43]    //n.sinaimg.cn/sports/splash/lazy2x.png
[2017-12-10 22:39:43]    //n.sinaimg.cn/sports/splash/lazy2x.png
[2017-12-10 22:39:43]    //n.sinaimg.cn/sports/splash/lazy2x.png
[2017-12-10 22:39:43]    //n.sinaimg.cn/sports/splash/lazy2x.png
[2017-12-10 22:39:43]    //n.sinaimg.cn/sports/splash/lazy2x.png
[2017-12-10 22:39:43]    //n.sinaimg.cn/sports/splash/lazy2x.png
[2017-12-10 22:39:43]    //n.sinaimg.cn/sports/splash/lazy2x.png
[2017-12-10 22:39:43]    //n.sinaimg.cn/sports/splash/lazy2x.png
[2017-12-10 22:39:43]    //n.sinaimg.cn/sports/splash/lazy1x.png
[2017-12-10 22:39:43]    //n.sinaimg.cn/sports/splash/lazy1x.png
[2017-12-10 22:39:43]    //n.sinaimg.cn/sports/splash/lazy1x.png
[2017-12-10 22:39:43]    //n.sinaimg.cn/sports/splash/lazy1x.png
[2017-12-10 22:39:43]    //n.sinaimg.cn/sports/splash/lazy1x.png
[2017-12-10 22:39:43]    //n.sinaimg.cn/sports/splash/lazy1x.png
[2017-12-10 22:39:43]    //n.sinaimg.cn/sports/splash/lazy2x.png
[2017-12-10 22:39:43]    //n.sinaimg.cn/sports/splash/lazy2x.png
[2017-12-10 22:39:43]    //n.sinaimg.cn/sports/splash/lazy2x.png
[2017-12-10 22:39:43]    //n.sinaimg.cn/sports/splash/lazy2x.png
[2017-12-10 22:39:43]    //n.sinaimg.cn/sports/splash/lazy2x.png
[2017-12-10 22:39:43]    //n.sinaimg.cn/sports/splash/lazy2x.png
[2017-12-10 22:39:43]    //n.sinaimg.cn/sports/splash/lazy1x.png
[2017-12-10 22:39:43]    //n.sinaimg.cn/sports/splash/lazy1x.png
[2017-12-10 22:39:43]    //n.sinaimg.cn/sports/splash/lazy1x.png
[2017-12-10 22:39:43]    http://tva2.sinaimg.cn/crop.1.0.1240.1240.50/a13df690jw8esgxkvzrfuj20yi0ygacz.jpg
[2017-12-10 22:39:43]    http://tva1.sinaimg.cn/crop.0.0.631.631.50/61add42ajw8f938lhtukrj20hj0hj76i.jpg
[2017-12-10 22:39:43]    http://tva3.sinaimg.cn/crop.0.1.369.369.50/76a1b64djw8fabmfk3t0jj20a90abaap.jpg
[2017-12-10 22:39:43]    http://tva1.sinaimg.cn/crop.0.3.1018.1018.50/a716fd45gw1ev7q2k8japj20sg0sg779.jpg
[2017-12-10 22:39:43]    http://n.sinaimg.cn/default/7772e5f8/20160301/d011.png
[2017-12-10 22:39:43]    //n.sinaimg.cn/sports/20161227/g-5L-fxyyfqs4476024.jpg
[2017-12-10 22:39:43]    //n.sinaimg.cn/sports/splash/lazy2x.png
[2017-12-10 22:39:43]    //n.sinaimg.cn/sports/splash/lazy2x.png
[2017-12-10 22:39:43]    //n.sinaimg.cn/sports/splash/lazy2x.png
[2017-12-10 22:39:43]    //n.sinaimg.cn/sports/splash/lazy2x.png
[2017-12-10 22:39:43]    //n.sinaimg.cn/sports/splash/lazy2x.png
[2017-12-10 22:39:43]    //n.sinaimg.cn/sports/splash/lazy2x.png
[2017-12-10 22:39:43]    //n.sinaimg.cn/sports/5b976204/20160127/code_wb.png
[2017-12-10 22:39:43]    //n.sinaimg.cn/sports/index1508/code_wx.jpg
[2017-12-10 22:39:43]    新浪体育_新浪网
